"../../../Engine/Content/ArtTools/RenderToTexture/Enums/RenderToTexture_Enum.uasset" 0
"../../../Engine/Content/ArtTools/RenderToTexture/Enums/RenderToTexture_Flipbook_Enum.uasset" 1
"../../../Engine/Content/ArtTools/RenderToTexture/Enums/RenderToTexture_Imposter_Enum.uasset" 2
"../../../Engine/Content/EditorBlueprintResources/StandardMacros.uasset" 3
"../../../Engine/Content/ArtTools/RenderToTexture/Enums/EIntTypes.uasset" 4
"../../../Engine/Content/ArtTools/RenderToTexture/Macros/RenderToTextureFunctionLibrary.uasset" 5
"../../../Engine/Content/ArtTools/RenderToTexture/Enums/EFloatTypes.uasset" 6
"../../../Engine/Content/ArtTools/RenderToTexture/Macros/RenderToTextureMacros.uasset" 7
"../../../Engine/Content/Functions/Engine_MaterialFunctions01/Opacity/CameraDepthFade.uasset" 8
"../../../Engine/Content/EngineMaterials/T_Default_Material_Grid_M.uasset" 9
"../../../Engine/Content/EngineMaterials/T_Default_Material_Grid_N.uasset" 10
"../../../Engine/Content/EngineMaterials/WorldGridMaterial.uasset" 11
"../../../Engine/Content/ArtTools/RenderToTexture/Meshes/S_1_Unit_Plane.uasset" 12
"../../../Engine/Content/EngineMaterials/DefaultMaterial.uasset" 13
"../../../Engine/Content/BasicShapes/Cone.uasset" 14
"../../../Engine/Content/BasicShapes/Cube.uasset" 15
"../../../Engine/Content/BasicShapes/Cylinder.uasset" 16
"../../../Engine/Content/BasicShapes/Plane.uasset" 17
"../../../Engine/Content/BasicShapes/Sphere.uasset" 18
"../../../Engine/Content/EngineMaterials/DefaultPhysicalMaterial.uasset" 19
"../../../Engine/Content/BufferVisualization/AmbientOcclusion.uasset" 20
"../../../Engine/Content/BufferVisualization/BaseColor.uasset" 21
"../../../Engine/Content/BufferVisualization/CustomDepth.uasset" 22
"../../../Engine/Content/Functions/Engine_MaterialFunctions02/Utility/VectorLength.uasset" 23
"../../../Engine/Content/BufferVisualization/CustomDepthWorldUnits.uasset" 24
"../../../Engine/Content/Functions/Engine_MaterialFunctions02/Utility/BreakOutFloat2Components.uasset" 25
"../../../Engine/Content/Functions/Engine_MaterialFunctions01/Texturing/ScaleUVsByCenter.uasset" 26
"../../../Engine/Content/Functions/Engine_MaterialFunctions02/ScreenResolution.uasset" 27
"../../../Engine/Content/Functions/Engine_MaterialFunctions02/Texturing/ScreenAlignedUVs.uasset" 28
"../../../Engine/Content/Functions/Engine_MaterialFunctions02/Utility/MakeFloat2.uasset" 29
"../../../Engine/Content/Functions/Engine_MaterialFunctions02/Utility/MakeFloat3.uasset" 30
"../../../Engine/Content/EngineMaterials/MiniFont.uasset" 31
"../../../Engine/Content/BufferVisualization/CustomStencil.uasset" 32
"../../../Engine/Content/BufferVisualization/FinalImage.uasset" 33
"../../../Engine/Content/BufferVisualization/LightingModel.uasset" 34
"../../../Engine/Content/BufferVisualization/MaterialAO.uasset" 35
"../../../Engine/Content/BufferVisualization/Metallic.uasset" 36
"../../../Engine/Content/BufferVisualization/Opacity.uasset" 37
"../../../Engine/Content/BufferVisualization/PostTonemapHDRColor.uasset" 38
"../../../Engine/Content/BufferVisualization/PreTonemapHDRColor.uasset" 39
"../../../Engine/Content/BufferVisualization/Roughness.uasset" 40
"../../../Engine/Content/BufferVisualization/SceneColor.uasset" 41
"../../../Engine/Content/BufferVisualization/SceneDepth.uasset" 42
"../../../Engine/Content/BufferVisualization/SceneDepthWorldUnits.uasset" 43
"../../../Engine/Content/BufferVisualization/SeparateTranslucencyA.uasset" 44
"../../../Engine/Content/BufferVisualization/SeparateTranslucencyRGB.uasset" 45
"../../../Engine/Content/BufferVisualization/Specular.uasset" 46
"../../../Engine/Content/BufferVisualization/SubsurfaceColor.uasset" 47
"../../../Engine/Content/BufferVisualization/WorldNormal.uasset" 48
"../../../Engine/Content/EditorBlueprintResources/ActorMacros.uasset" 49
"../../../Engine/Content/EditorLandscapeResources/DataLayer.uasset" 50
"../../../Engine/Content/EditorLandscapeResources/DefaultAlphaTexture.uasset" 51
"../../../Engine/Content/EditorLandscapeResources/LandscapeGizmoHeight_Mat.uasset" 52
"../../../Engine/Content/EditorLandscapeResources/LandscapeGizmo_Mat.uasset" 53
"../../../Engine/Content/EditorLandscapeResources/LandscapeGizmo_Mat_Copied.uasset" 54
"../../../Engine/Content/EditorLandscapeResources/SplineEditorMeshMat.uasset" 55
"../../../Engine/Content/EditorLandscapeResources/SplineEditorMesh.uasset" 56
"../../../Engine/Content/EditorMaterials/Cross.uasset" 57
"../../../Engine/Content/EditorMaterials/Cross_Mat.uasset" 58
"../../../Engine/Content/EditorMaterials/GizmoMaterial.uasset" 59
"../../../Engine/Content/Functions/Engine_MaterialFunctions02/Utility/Sign.uasset" 60
"../../../Engine/Content/Functions/Engine_MaterialFunctions02/Utility/Round.uasset" 61
"../../../Engine/Content/Functions/Engine_MaterialFunctions02/ExampleContent/Textures/flipbook.uasset" 62
"../../../Engine/Content/Functions/Engine_MaterialFunctions02/Texturing/FlipBook.uasset" 63
"../../../Engine/Content/EditorResources/T_EditorHelp.uasset" 64
"../../../Engine/Content/EditorMaterials/HelpActorMaterial.uasset" 65
"../../../Engine/Content/EditorMaterials/CompositeARGBLayer.uasset" 66
"../../../Engine/Content/EditorMaterials/TilingAALineIntegral.uasset" 67
"../../../Engine/Content/EditorMaterials/TilingAALineBoxFiltered.uasset" 68
"../../../Engine/Content/Functions/Engine_MaterialFunctions03/Procedurals/ComputeFilterWidth.uasset" 69
"../../../Engine/Content/EditorMaterials/TilingAADots.uasset" 70
"../../../Engine/Content/EditorMaterials/Cascade/CASC_Cross.uasset" 71
"../../../Engine/Content/EditorMaterials/Cascade/CASC_None.uasset" 72
"../../../Engine/Content/Functions/Engine_MaterialFunctions03/Blends/Blend_Screen.uasset" 73
"../../../Engine/Content/EditorMaterials/TilingAAGrid.uasset" 74
"../../../Engine/Content/EditorMaterials/LevelGridMaterial.uasset" 75
"../../../Engine/Content/EditorMaterials/MakeCompositeARGBLayer.uasset" 76
"../../../Engine/Content/EditorResources/LevelGrid1DStripes.uasset" 77
"../../../Engine/Content/EditorMaterials/TextureGridCascaded1D.uasset" 78
"../../../Engine/Content/EditorMaterials/TextureGridCascaded2D.uasset" 79
"../../../Engine/Content/EditorMaterials/LevelGridMaterial2.uasset" 80
"../../../Engine/Content/EditorMaterials/MAT_Groups_Toggle.uasset" 81
"../../../Engine/Content/EditorMaterials/MAT_Groups_Visibility.uasset" 82
"../../../Engine/Content/EditorMaterials/PhAT_BoneSelectedMaterial.uasset" 83
"../../../Engine/Content/EditorMaterials/PhAT_ElemSelectedMaterial.uasset" 84
"../../../Engine/Content/EditorMaterials/PhAT_NoCollisionMaterial.uasset" 85
"../../../Engine/Content/EditorMaterials/PhAT_UnselectedMaterial.uasset" 86
"../../../Engine/Content/EditorMaterials/PreviewShadowIndicator.uasset" 87
"../../../Engine/Content/EditorMaterials/PreviewShadowIndicatorMaterial.uasset" 88
"../../../Engine/Content/EditorMaterials/TargetIcon.uasset" 89
"../../../Engine/Content/EditorMaterials/Tick.uasset" 90
"../../../Engine/Content/EditorMaterials/Tick_Mat.uasset" 91
"../../../Engine/Content/EditorMaterials/WidgetGridVertexColorMaterial.uasset" 92
"../../../Engine/Content/EditorMaterials/WidgetGridVertexColorMaterial_Ma.uasset" 93
"../../../Engine/Content/EditorMaterials/WidgetMaterial.uasset" 94
"../../../Engine/Content/EditorMaterials/WidgetMaterial_Current.uasset" 95
"../../../Engine/Content/EditorMaterials/WidgetMaterial_X.uasset" 96
"../../../Engine/Content/EditorMaterials/WidgetMaterial_Y.uasset" 97
"../../../Engine/Content/EditorMaterials/WidgetMaterial_Z.uasset" 98
"../../../Engine/Content/EditorMaterials/WidgetVertexColorMaterial.uasset" 99
"../../../Engine/Content/EditorMaterials/MatineeGroups/MAT_ColorTrack.uasset" 100
"../../../Engine/Content/EditorMaterials/MatineeGroups/MAT_Groups_Anim.uasset" 101
"../../../Engine/Content/EditorMaterials/MatineeGroups/MAT_Groups_AudioMaster.uasset" 102
"../../../Engine/Content/EditorMaterials/MatineeGroups/MAT_Groups_Director.uasset" 103
"../../../Engine/Content/EditorMaterials/MatineeGroups/MAT_Groups_Event.uasset" 104
"../../../Engine/Content/EditorMaterials/MatineeGroups/MAT_Groups_Fade.uasset" 105
"../../../Engine/Content/EditorMaterials/MatineeGroups/MAT_Groups_Float.uasset" 106
"../../../Engine/Content/EditorMaterials/MatineeGroups/MAT_Groups_Move.uasset" 107
"../../../Engine/Content/EditorMaterials/MatineeGroups/MAT_Groups_Slomo.uasset" 108
"../../../Engine/Content/EditorMaterials/MatineeGroups/MAT_Groups_Sound.uasset" 109
"../../../Engine/Content/EditorMaterials/MatineeGroups/MAT_Groups_Vector.uasset" 110
"../../../Engine/Content/EditorMaterials/ParticleSystems/PSysThumbnail_NoImage.uasset" 111
"../../../Engine/Content/EditorMaterials/ParticleSystems/PSysThumbnail_OOD.uasset" 112
"../../../Engine/Content/EngineMaterials/Grid.uasset" 113
"../../../Engine/Content/EditorMaterials/Thumbnails/FloorPlaneMaterial.uasset" 114
"../../../Engine/Content/EditorMeshes/EditorCube.uasset" 115
"../../../Engine/Content/EditorMeshes/EditorCylinder.uasset" 116
"../../../Engine/Content/EditorMeshes/EditorPlane.uasset" 117
"../../../Engine/Content/EditorMaterials/Thumbnails/SkySphereMaterial.uasset" 118
"../../../Engine/Content/EditorMeshes/EditorSkySphere.uasset" 119
"../../../Engine/Content/EditorMeshes/EditorSphere.uasset" 120
"../../../Engine/Content/EditorResources/MatineeCam_D.uasset" 121
"../../../Engine/Content/EditorMaterials/MatineeCam_mat.uasset" 122
"../../../Engine/Content/EditorMeshes/MatineeCam_SM.uasset" 123
"../../../Engine/Content/EditorMaterials/Camera/CineMat.uasset" 124
"../../../Engine/Content/EditorMaterials/Camera/MI_CineMat_CameraBody.uasset" 125
"../../../Engine/Content/EngineDebugMaterials/M_SimpleOpaque.uasset" 126
"../../../Engine/Content/EditorMaterials/Camera/MI_CineMat_CamViewFinder.uasset" 127
"../../../Engine/Content/EditorMeshes/Camera/SM_CineCam.uasset" 128
"../../../Engine/Content/EditorMaterials/Camera/MI_CineMat_Rig.uasset" 129
"../../../Engine/Content/EditorMeshes/Camera/SM_CraneRig_Arm.uasset" 130
"../../../Engine/Content/EditorMeshes/Camera/SM_CraneRig_Base.uasset" 131
"../../../Engine/Content/EditorMeshes/Camera/SM_CraneRig_Body.uasset" 132
"../../../Engine/Content/EditorMeshes/Camera/SM_CraneRig_Mount.uasset" 133
"../../../Engine/Content/EditorMeshes/Camera/SM_RailRig_Mount.uasset" 134
"../../../Engine/Content/EditorMeshes/Camera/SM_RailRig_Track.uasset" 135
"../../../Engine/Content/EditorMeshes/ColorCalibrator/M_ChromeBall.uasset" 136
"../../../Engine/Content/EditorMeshes/ColorCalibrator/M_ClearCoat.uasset" 137
"../../../Engine/Content/EditorMeshes/ColorCalibrator/M_ClearCoatBlack.uasset" 138
"../../../Engine/Content/EditorMeshes/ColorCalibrator/Color_checker.uasset" 139
"../../../Engine/Content/EditorMeshes/ColorCalibrator/M_ColorGrid.uasset" 140
"../../../Engine/Content/EditorMeshes/ColorCalibrator/M_GreyBall.uasset" 141
"../../../Engine/Content/EditorMeshes/ColorCalibrator/SM_ColorCalibrator.uasset" 142
"../../../Engine/Content/EditorResources/Bad.uasset" 143
"../../../Engine/Content/EditorResources/BSPVertex.uasset" 144
"../../../Engine/Content/EditorResources/EmptyActor.uasset" 145
"../../../Engine/Content/EditorResources/MatInstActSprite.uasset" 146
"../../../Engine/Content/EditorResources/SceneManager.uasset" 147
"../../../Engine/Content/EditorResources/SmallFont.uasset" 148
"../../../Engine/Content/EditorResources/S_Actor.uasset" 149
"../../../Engine/Content/EditorResources/S_DecalActorIcon.uasset" 150
"../../../Engine/Content/EditorResources/S_Emitter.uasset" 151
"../../../Engine/Content/EditorResources/S_ExpoHeightFog.uasset" 152
"../../../Engine/Content/EditorResources/S_FTest.uasset" 153
"../../../Engine/Content/EditorResources/S_KBSJoint.uasset" 154
"../../../Engine/Content/EditorResources/S_KHinge.uasset" 155
"../../../Engine/Content/EditorResources/S_KPrismatic.uasset" 156
"../../../Engine/Content/EditorResources/S_LevelSequence.uasset" 157
"../../../Engine/Content/EditorResources/S_NavP.uasset" 158
"../../../Engine/Content/EditorResources/S_Note.uasset" 159
"../../../Engine/Content/EditorResources/S_Player.uasset" 160
"../../../Engine/Content/EditorResources/S_PortalActorIcon2.uasset" 161
"../../../Engine/Content/EditorResources/S_RadForce.uasset" 162
"../../../Engine/Content/EditorResources/S_ReflActorIcon.uasset" 163
"../../../Engine/Content/EditorResources/S_Terrain.uasset" 164
"../../../Engine/Content/EditorResources/S_TextRenderActorIcon.uasset" 165
"../../../Engine/Content/EditorResources/S_Thruster.uasset" 166
"../../../Engine/Content/EditorResources/S_Trigger.uasset" 167
"../../../Engine/Content/EditorResources/S_VectorFieldVol.uasset" 168
"../../../Engine/Content/EditorResources/S_WindDirectional.uasset" 169
"../../../Engine/Content/EditorResources/AI/S_NavLink.uasset" 170
"../../../Engine/Content/EditorResources/LightIcons/SkyLight.uasset" 171
"../../../Engine/Content/EditorResources/LightIcons/S_LightDirectional.uasset" 172
"../../../Engine/Content/EditorResources/LightIcons/S_LightDirectionalMove.uasset" 173
"../../../Engine/Content/EditorResources/LightIcons/S_LightError.uasset" 174
"../../../Engine/Content/EditorResources/LightIcons/S_LightPoint.uasset" 175
"../../../Engine/Content/EditorResources/LightIcons/S_LightPointMove.uasset" 176
"../../../Engine/Content/EditorResources/LightIcons/S_LightSpot.uasset" 177
"../../../Engine/Content/EditorResources/LightIcons/S_LightSpotMove.uasset" 178
"../../../Engine/Content/EditorResources/SequenceRecorder/Countdown.uasset" 179
"../../../Engine/Content/EditorResources/SequenceRecorder/RecordingIndicator.uasset" 180
"../../../Engine/Content/EditorResources/Spline/T_Loft_Spline.uasset" 181
"../../../Engine/Content/EditorSounds/Notifications/CompileFailed.uasset" 182
"../../../Engine/Content/EditorSounds/Notifications/CompileFailed_Cue.uasset" 183
"../../../Engine/Content/EditorSounds/Notifications/CompileSuccess.uasset" 184
"../../../Engine/Content/EditorSounds/Notifications/CompileStart_Cue.uasset" 185
"../../../Engine/Content/EditorSounds/Notifications/CompileSuccess_Cue.uasset" 186
"../../../Engine/Content/EngineDamageTypes/DmgTypeBP_Environmental.uasset" 187
"../../../Engine/Content/EngineDebugMaterials/HeatmapGradient.uasset" 188
"../../../Engine/Content/EngineDebugMaterials/BoneWeightMaterial.uasset" 189
"../../../Engine/Content/EngineDebugMaterials/ClothMaterial.uasset" 190
"../../../Engine/Content/EngineDebugMaterials/ClothMaterial_WF.uasset" 191
"../../../Engine/Content/EngineDebugMaterials/DebugEditorMaterial.uasset" 192
"../../../Engine/Content/EngineDebugMaterials/DebugMeshMaterial.uasset" 193
"../../../Engine/Content/EngineDebugMaterials/GeomMaterial.uasset" 194
"../../../Engine/Content/Functions/Engine_MaterialFunctions01/Shading/ConvertFromDiffSpec.uasset" 195
"../../../Engine/Content/EngineDebugMaterials/LevelColorationLitMaterial.uasset" 196
"../../../Engine/Content/EngineDebugMaterials/LevelColorationUnlitMaterial.uasset" 197
"../../../Engine/Content/EngineMaterials/DefaultWhiteGrid.uasset" 198
"../../../Engine/Content/EngineDebugMaterials/MAT_LevelColorationLitLightmapUV.uasset" 199
"../../../Engine/Content/EngineDebugMaterials/M_SimpleTranslucent.uasset" 200
"../../../Engine/Content/EngineDebugMaterials/ShadedLevelColorationLitMaterial.uasset" 201
"../../../Engine/Content/EngineDebugMaterials/ShadedLevelColorationUnlitMateri.uasset" 202
"../../../Engine/Content/EngineDebugMaterials/VertexColorMaterial.uasset" 203
"../../../Engine/Content/EngineDebugMaterials/VertexColorViewMode_AlphaAsColor.uasset" 204
"../../../Engine/Content/EngineDebugMaterials/VertexColorViewMode_BlueOnly.uasset" 205
"../../../Engine/Content/EngineDebugMaterials/VertexColorViewMode_ColorOnly.uasset" 206
"../../../Engine/Content/EngineDebugMaterials/VertexColorViewMode_GreenOnly.uasset" 207
"../../../Engine/Content/EngineDebugMaterials/VertexColorViewMode_RedOnly.uasset" 208
"../../../Engine/Content/EngineDebugMaterials/WireframeMaterial.uasset" 209
"../../../Engine/Content/EngineFonts/Faces/RobotoBold.uasset" 210
"../../../Engine/Content/EngineFonts/Faces/RobotoBoldItalic.uasset" 211
"../../../Engine/Content/EngineFonts/Faces/RobotoItalic.uasset" 212
"../../../Engine/Content/EngineFonts/Faces/RobotoLight.uasset" 213
"../../../Engine/Content/EngineFonts/Faces/RobotoRegular.uasset" 214
"../../../Engine/Content/EngineFonts/Roboto.uasset" 215
"../../../Engine/Content/EngineFonts/Faces/RobotoTiny.uasset" 216
"../../../Engine/Content/EngineFonts/RobotoTiny.uasset" 217
"../../../Engine/Content/EngineFonts/SmallFont.uasset" 218
"../../../Engine/Content/EngineFonts/TinyFont.uasset" 219
"../../../Engine/Content/EngineResources/WhiteSquareTexture.uasset" 220
"../../../Engine/Content/EngineMaterials/BlinkingCaret.uasset" 221
"../../../Engine/Content/EngineMaterials/DefaultBloomKernel.uasset" 222
"../../../Engine/Content/EngineMaterials/DefaultBokeh.uasset" 223
"../../../Engine/Content/EngineMaterials/DefaultDiffuse.uasset" 224
"../../../Engine/Content/EngineMaterials/DefaultDeferredDecalMaterial.uasset" 225
"../../../Engine/Content/EngineMaterials/DefaultLightFunctionMaterial.uasset" 226
"../../../Engine/Content/EngineMaterials/DefaultNormal.uasset" 227
"../../../Engine/Content/EngineMaterials/DefaultPostProcessMaterial.uasset" 228
"../../../Engine/Content/EngineFonts/RobotoDistanceField.uasset" 229
"../../../Engine/Content/EngineMaterials/DefaultTextMaterialOpaque.uasset" 230
"../../../Engine/Content/EngineMaterials/EditorBrushMaterial.uasset" 231
"../../../Engine/Content/EngineMaterials/Good64x64TilingNoiseHighFreq.uasset" 232
"../../../Engine/Content/EngineMaterials/Grid_N.uasset" 233
"../../../Engine/Content/EngineMaterials/HighResolutionScreenshotMaskFunction.uasset" 234
"../../../Engine/Content/EngineMaterials/HighResScreenshot.uasset" 235
"../../../Engine/Content/EngineMaterials/HighResScreenshotCaptureRegion.uasset" 236
"../../../Engine/Content/EngineMaterials/HighResScreenshotMask.uasset" 237
"../../../Engine/Content/EngineMaterials/LandscapeHolePhysicalMaterial.uasset" 238
"../../../Engine/Content/EngineMaterials/InvalidLightmapSettings.uasset" 239
"../../../Engine/Content/EngineMaterials/M_InvalidLightmapSettings.uasset" 240
"../../../Engine/Content/EngineMaterials/PaperDiffuse.uasset" 241
"../../../Engine/Content/EngineMaterials/PaperNormal.uasset" 242
"../../../Engine/Content/Functions/Engine_MaterialFunctions02/WorldPositionOffset/CameraOffset.uasset" 243
"../../../Engine/Content/EngineMaterials/PhAT_JointLimitMaterial.uasset" 244
"../../../Engine/Content/EngineMaterials/PhysMat_Rubber.uasset" 245
"../../../Engine/Content/EngineMaterials/PreintegratedSkinBRDF.uasset" 246
"../../../Engine/Content/EngineMaterials/RemoveSurfaceMaterial.uasset" 247
"../../../Engine/Content/EngineMaterials/WeightMapPlaceholderTexture.uasset" 248
"../../../Engine/Content/EngineMaterials/Widget3DPassThrough.uasset" 249
"../../../Engine/Content/EngineMaterials/Widget3DPassThrough_Masked.uasset" 250
"../../../Engine/Content/EngineMaterials/Widget3DPassThrough_Opaque.uasset" 251
"../../../Engine/Content/EngineMaterials/Widget3DPassThrough_Masked_OneSided.uasset" 252
"../../../Engine/Content/EngineMaterials/Widget3DPassThrough_Opaque_OneSided.uasset" 253
"../../../Engine/Content/EngineMaterials/Widget3DPassThrough_Translucent.uasset" 254
"../../../Engine/Content/EngineMaterials/Widget3DPassThrough_Translucent_OneSided.uasset" 255
"../../../Engine/Content/EngineMeshes/Cube.uasset" 256
"../../../Engine/Content/EngineMeshes/Cylinder.uasset" 257
"../../../Engine/Content/EngineMeshes/Sphere.uasset" 258
"../../../Engine/Content/EngineResources/DefaultTexture.uasset" 259
"../../../Engine/Content/EngineResources/DefaultTextureCube.uasset" 260
"../../../Engine/Content/EngineResources/GradientTexture0.uasset" 261
"../../../Engine/Content/EngineResources/StreamingPauseIcon.uasset" 262
"../../../Engine/Content/EngineResources/M_StreamingPause.uasset" 263
"../../../Engine/Content/EngineSky/C_Sky_Cloud_Color.uasset" 264
"../../../Engine/Content/EngineSky/C_Sky_Horizon_Color.uasset" 265
"../../../Engine/Content/EngineSky/C_Sky_Zenith_Color.uasset" 266
"../../../Engine/Content/EngineSky/T_Sky_Blue.uasset" 267
"../../../Engine/Content/EngineSky/T_Sky_Clouds_M.uasset" 268
"../../../Engine/Content/EngineSky/T_Sky_Stars.uasset" 269
"../../../Engine/Content/EngineSky/M_Sky_Panning_Clouds2.uasset" 270
"../../../Engine/Content/EngineSky/SM_SkySphere.uasset" 271
"../../../Engine/Content/EngineSky/BP_Sky_Sphere.uasset" 272
"../../../Engine/Content/EngineSounds/Master.uasset" 273
"../../../Engine/Content/Functions/Engine_MaterialFunctions01/Shading/PowerToRoughness.uasset" 274
"../../../Engine/Content/Maps/Templates/Thumbnails/Default.uasset" 275
"../../../Engine/Content/Maps/Templates/Thumbnails/VR-Basic.uasset" 276
"../../../Engine/Content/MapTemplates/Sky/DaylightAmbientCubemap.uasset" 277
"../../../Engine/Content/MobileResources/T_MobileControls_texture.uasset" 278
"../../../Engine/Content/MobileResources/T_MobileMenu2.uasset" 279
"../../../Engine/Content/MobileResources/HUD/AnalogHat.uasset" 280
"../../../Engine/Content/MobileResources/HUD/VirtualJoystick_Background.uasset" 281
"../../../Engine/Content/MobileResources/HUD/VirtualJoystick_Thumb.uasset" 282
"../../../Engine/Content/MobileResources/HUD/DefaultVirtualJoysticks.uasset" 283
"../../../Engine/Content/MobileResources/HUD/LeftVirtualJoystickOnly.uasset" 284
"../../../Engine/Content/MobileResources/HUD/MobileHUDButton1_off.uasset" 285
"../../../Engine/Content/MobileResources/HUD/MobileHUDButton1_on.uasset" 286
"../../../Engine/Content/MobileResources/HUD/MobileHUDButton2_off.uasset" 287
"../../../Engine/Content/MobileResources/HUD/MobileHUDButton2_on.uasset" 288
"../../../Engine/Content/MobileResources/HUD/MobileHUDButton3.uasset" 289
"../../../Engine/Content/MobileResources/HUD/MobileHUDButtonFire.uasset" 290
"../../../Engine/Content/MobileResources/HUD/MobileHUDDirectionPad.uasset" 291
"../../../Engine/Content/MobileResources/HUD/MobileHUDDirectionPad2.uasset" 292
"../../../Engine/Content/MobileResources/HUD/MobileHUDDirectionPad3.uasset" 293
"../../../Engine/Content/MobileResources/HUD/MobileHUDDirectionStick.uasset" 294
"../../../Engine/Content/MobileResources/HUD/T_Castle_ThumbstickInner.uasset" 295
"../../../Engine/Content/MobileResources/HUD/T_Castle_ThumbstickOutter.uasset" 296
"../../../Engine/Content/Tutorial/ContentIntroCurve.uasset" 297
"../../../Engine/Content/Tutorial/Basics/TutorialAssets/icon_tab_Levels_40x.uasset" 298
"../../../Engine/Content/Tutorial/BlueprintTutorials/TutorialAssets/BlueprintInterface_64x.uasset" 299
"../../../Engine/Content/Tutorial/BlueprintTutorials/TutorialAssets/BlueprintMacroLibrary_64x.uasset" 300
"../../../Engine/Content/Tutorial/BlueprintTutorials/TutorialAssets/Blueprint_64x.uasset" 301
"../../../Engine/Content/Tutorial/BlueprintTutorials/TutorialAssets/Tutorial_BP_Interface.uasset" 302
"../../../Engine/Content/Tutorial/Foliage/TutorialAssets/Foliage.uasset" 303
"../../../Engine/Content/Tutorial/Landscape/TutorialAssets/Landscape.uasset" 304
"../../../Engine/Content/Tutorial/Paper2D/TutorialAssets/Paper2DFlipbook_TutorialIcon.uasset" 305
"../../../Engine/Content/Tutorial/Paper2D/TutorialAssets/Paper2DSprite_TutorialIcon.uasset" 306
"../../../Engine/Content/Tutorial/SubEditors/TutorialAssets/icon_Editor_Preferences_General_40x.uasset" 307
"../../../Engine/Content/Tutorial/SubEditors/TutorialAssets/icon_ShowSkeletalMeshes_40x.uasset" 308
"../../../Engine/Content/Tutorial/SubEditors/TutorialAssets/TutorialMaterial.uasset" 309
"../../../Engine/Content/Tutorial/SubEditors/TutorialAssets/T_SmokeSubUV_8X8.uasset" 310
"../../../Engine/Content/Tutorial/SubEditors/TutorialAssets/T_soft_smoke.uasset" 311
"../../../Engine/Content/Tutorial/SubEditors/TutorialAssets/M_smoke_subUV_blackbody.uasset" 312
"../../../Engine/Content/Tutorial/SubEditors/TutorialAssets/TutorialParticleSystem.uasset" 313
"../../../Engine/Content/VREditor/Devices/Generic/GenericHMDMaterial.uasset" 314
"../../../Engine/Content/VREditor/Devices/Generic/GenericHMD.uasset" 315
"../../../Engine/Content/Functions/Engine_MaterialFunctions02/Utility/BreakOutFloat3Components.uasset" 316
"../../../Engine/Content/VREditor/Devices/Vive/VivePreController_MasksB.uasset" 317
"../../../Engine/Content/VREditor/Devices/Oculus/OculusControllerMaterial.uasset" 318
"../../../Engine/Content/VREditor/Devices/Oculus/OculusControllerMaterial_Inst.uasset" 319
"../../../Engine/Content/VREditor/Devices/Oculus/OculusControllerMesh.uasset" 320
"../../../Engine/Content/VREditor/Devices/Vive/T_VivePreController_EM.uasset" 321
"../../../Engine/Content/VREditor/Devices/Vive/VivePreController_MasksA.uasset" 322
"../../../Engine/Content/VREditor/Devices/Vive/VivePreControllerDiffuse.uasset" 323
"../../../Engine/Content/VREditor/Devices/Vive/VivePreControllerSpec.uasset" 324
"../../../Engine/Content/VREditor/LaserPointer/VR_LaserPower_01.uasset" 325
"../../../Engine/Content/VREditor/Devices/Vive/VivePreControllerMaterial.uasset" 326
"../../../Engine/Content/VREditor/Devices/Vive/VivePreControllerMaterial_Inst.uasset" 327
"../../../Engine/Content/VREditor/Devices/Vive/VivePreControllerMesh.uasset" 328
"../../../Engine/Content/VREditor/FloatingText/LineMaterial.uasset" 329
"../../../Engine/Content/VREditor/FloatingText/JointSphere.uasset" 330
"../../../Engine/Content/VREditor/FloatingText/LineSegmentCylinder.uasset" 331
"../../../Engine/Content/VREditor/Fonts/VRText_RobotoLarge.uasset" 332
"../../../Engine/Content/VREditor/Fonts/VRTextMaterial.uasset" 333
"../../../Engine/Content/VREditor/Fonts/TranslucentVRTextMaterial.uasset" 334
"../../../Engine/Content/VREditor/LaserPointer/CursorPointer.uasset" 335
"../../../Engine/Content/VREditor/TransformGizmo/TransformGizmoMaterial.uasset" 336
"../../../Engine/Content/VREditor/LaserPointer/HoverMaterial.uasset" 337
"../../../Engine/Content/VREditor/TransformGizmo/TranslucentTransformGizmoMaterial.uasset" 338
"../../../Engine/Content/VREditor/LaserPointer/TranslucentHoverMaterial.uasset" 339
"../../../Engine/Content/VREditor/LaserPointer/HoverMesh.uasset" 340
"../../../Engine/Content/VREditor/LaserPointer/LaserPointerMaterial.uasset" 341
"../../../Engine/Content/VREditor/LaserPointer/LaserPointerMaterialInst.uasset" 342
"../../../Engine/Content/VREditor/LaserPointer/TranslucentLaserPointerMaterialInst.uasset" 343
"../../../Engine/Content/VREditor/LaserPointer/LaserPointerMesh.uasset" 344
"../../../Engine/Content/VREditor/LaserPointer/LaserPointerMesh_End.uasset" 345
"../../../Engine/Content/VREditor/LaserPointer/LaserPointerMesh_Start.uasset" 346
"../../../Engine/Content/VREditor/Sounds/VR_teleport.uasset" 347
"../../../Engine/Content/VREditor/Sounds/UI/Click_on_Button.uasset" 348
"../../../Engine/Content/VREditor/Sounds/UI/Click_on_Button_Cue.uasset" 349
"../../../Engine/Content/VREditor/Sounds/UI/Dockable_Window_Close.uasset" 350
"../../../Engine/Content/VREditor/Sounds/UI/Dockable_Window_Drop.uasset" 351
"../../../Engine/Content/VREditor/Sounds/UI/Dockable_Window_Open.uasset" 352
"../../../Engine/Content/VREditor/Sounds/UI/Dockable_Window_Pick_Up.uasset" 353
"../../../Engine/Content/VREditor/Sounds/UI/Drop_Item_From_ContentBrowser.uasset" 354
"../../../Engine/Content/VREditor/Sounds/UI/Floating_UI_Open-001.uasset" 355
"../../../Engine/Content/VREditor/Sounds/UI/Radial_Menu_FadeOut.uasset" 356
"../../../Engine/Content/VREditor/Sounds/UI/Teleport_Mode_Entered.uasset" 357
"../../../Engine/Content/VREditor/Teleport/TeleportDirectionMaterial.uasset" 358
"../../../Engine/Content/VREditor/Teleport/TeleportDirectionMaterial_Inst.uasset" 359
"../../../Engine/Content/VREditor/Teleport/TeleportDirectionMesh.uasset" 360
"../../../Engine/Content/VREditor/TransformGizmo/BoundingBoxCorner.uasset" 361
"../../../Engine/Content/VREditor/TransformGizmo/BoundingBoxEdge.uasset" 362
"../../../Engine/Content/VREditor/TransformGizmo/PlaneTranslationHandle.uasset" 363
"../../../Engine/Content/VREditor/TransformGizmo/Main.uasset" 364
"../../../Engine/Content/VREditor/TransformGizmo/Xray.uasset" 365
"../../../Engine/Content/VREditor/TransformGizmo/SM_Dialog_Close.uasset" 366
"../../../Engine/Content/VREditor/TransformGizmo/SM_Dialog_Move.uasset" 367
"../../../Engine/Content/VREditor/TransformGizmo/SM_Sequencer_Key.uasset" 368
"../../../Engine/Content/VREditor/TransformGizmo/SM_Sequencer_Node.uasset" 369
"../../../Engine/Content/VREditor/TransformGizmo/TransformGizmoMaterial_Inst.uasset" 370
"../../../Engine/Content/VREditor/TransformGizmo/TranslucentTransformGizmoMaterial_Inst.uasset" 371
"../../../Engine/Content/VREditor/Devices/Vive/UE4_Logo.uasset" 372
"../../../Engine/Content/VREditor/UI/M_ContentWindow.uasset" 373
"../../../Engine/Content/VREditor/UI/SM_ContentWindow_01.uasset" 374
"../../../Engine/Content/VREditor/UI/KeyDiskMaterial.uasset" 375
"../../../Engine/Content/VREditor/UI/DiscMaterial.uasset" 376
"../../../Engine/Content/VREditor/UI/SM_Radial_Disk.uasset" 377
"../../../Engine/Content/VREditor/UI/ArrowMaterial.uasset" 378
"../../../Engine/Content/VREditor/UI/SM_Radial_Pointer.uasset" 379
"../../../Engine/Content/Functions/Engine_MaterialFunctions01/Gradient/RadialGradient.uasset" 380
"../../../Engine/Content/VREditor/WorldMovementGrid/SimpleGrid.uasset" 381
"../../../Engine/Content/VREditor/WorldMovementGrid/GridMaterial.uasset" 382
"../../../Engine/Content/Functions/Engine_MaterialFunctions01/Density/ExponentialDensity.uasset" 383
"../../../Engine/Content/VREditor/WorldMovementGrid/GridPostProcess.uasset" 384
"../../../Engine/Content/EditorLandscapeResources/FlattenHeightMat.uasset" 385
"../../../Engine/Content/VREditor/WorldMovementGrid/PlaneMesh.uasset" 386
"../../../../../../Users/Documents/UnrealProjects/ArenaBattle/Content/AI/BB_ABCharacter.uasset" 387
"../../../../../../Users/Documents/UnrealProjects/ArenaBattle/Content/AI/BT_ABCharacter.uasset" 388
"../../../Engine/Content/EngineMeshes/Humanoid.uasset" 389
"../../../../../../Users/Documents/UnrealProjects/ArenaBattle/Content/InfinityBladeWarriors/Character/CompleteCharacters/SK_Mannequin_Skeleton.uasset" 390
"../../../../../../Users/Documents/UnrealProjects/ArenaBattle/Content/Animations/WarriorAttack1.uasset" 391
"../../../../../../Users/Documents/UnrealProjects/ArenaBattle/Content/Animations/WarriorAttack2.uasset" 392
"../../../../../../Users/Documents/UnrealProjects/ArenaBattle/Content/Animations/WarriorAttack3.uasset" 393
"../../../../../../Users/Documents/UnrealProjects/ArenaBattle/Content/Animations/WarriorAttack4.uasset" 394
"../../../../../../Users/Documents/UnrealProjects/ArenaBattle/Content/Animations/SK_Mannequin_Skeleton_Montage.uasset" 395
"../../../../../../Users/Documents/UnrealProjects/ArenaBattle/Content/Animations/WarriorDead.uasset" 396
"../../../../../../Users/Documents/UnrealProjects/ArenaBattle/Content/Animations/WarriorIdle.uasset" 397
"../../../../../../Users/Documents/UnrealProjects/ArenaBattle/Content/Animations/WarriorJump_End.uasset" 398
"../../../../../../Users/Documents/UnrealProjects/ArenaBattle/Content/Animations/WarriorJump_Loop.uasset" 399
"../../../../../../Users/Documents/UnrealProjects/ArenaBattle/Content/Animations/WarriorJump_Start.uasset" 400
"../../../../../../Users/Documents/UnrealProjects/ArenaBattle/Content/Animations/WarriorRun.uasset" 401
"../../../../../../Users/Documents/UnrealProjects/ArenaBattle/Content/Animations/WorriorAnimBlueprint.uasset" 402
"../../../../../../Users/Documents/UnrealProjects/ArenaBattle/Content/UI/UI_Select.uasset" 403
"../../../../../../Users/Documents/UnrealProjects/ArenaBattle/Content/BluePrints/BP_SelectUIPlayerController.uasset" 404
"../../../../../../Users/Documents/UnrealProjects/ArenaBattle/Content/BluePrints/BP_SelectGameMode.uasset" 405
"../../../../../../Users/Documents/UnrealProjects/ArenaBattle/Content/Book/Maps/GamePlay_BuiltData.uasset" 406
"../../../../../../Users/Documents/UnrealProjects/ArenaBattle/Content/InfinityBladeGrassLands/Environments/Plains/Env_Plains_Ruins/Textures/T_Plains_Castle_Wroughtlron_D.uasset" 407
"../../../../../../Users/Documents/UnrealProjects/ArenaBattle/Content/InfinityBladeGrassLands/Environments/Plains/Env_Plains_Ruins/Textures/T_Plains_Castle_Wroughtlron_N.uasset" 408
"../../../../../../Users/Documents/UnrealProjects/ArenaBattle/Content/InfinityBladeGrassLands/Environments/Plains/Env_Plains_Ruins/Materials/M_PLains_Castle_WroughtIron.uasset" 409
"../../../../../../Users/Documents/UnrealProjects/ArenaBattle/Content/Book/StaticMesh/SM_GATE.uasset" 410
"../../../../../../Users/Documents/UnrealProjects/ArenaBattle/Content/InfinityBladeGrassLands/Environments/Plains/Env_Plains_Floors/Textures/T_Plains_Terrain_Floors01_D.uasset" 411
"../../../../../../Users/Documents/UnrealProjects/ArenaBattle/Content/InfinityBladeGrassLands/Environments/Plains/Env_Plains_Floors/Textures/T_Plains_Terrain_Floors01_N.uasset" 412
"../../../../../../Users/Documents/UnrealProjects/ArenaBattle/Content/InfinityBladeGrassLands/Environments/SurfaceTypes/PhysicalMaterial_Stone.uasset" 413
"../../../../../../Users/Documents/UnrealProjects/ArenaBattle/Content/InfinityBladeGrassLands/Environments/Plains/Env_Plains_Floors/Materials/M_Plains_Floors_Block.uasset" 414
"../../../../../../Users/Documents/UnrealProjects/ArenaBattle/Content/InfinityBladeGrassLands/Environments/Plains/Env_Plains_Ruins/Textures/T_Plains_Ruins_Pillars_D.uasset" 415
"../../../../../../Users/Documents/UnrealProjects/ArenaBattle/Content/InfinityBladeGrassLands/Environments/Plains/Env_Plains_Ruins/Textures/T_Plains_Ruins_Pillars_M.uasset" 416
"../../../../../../Users/Documents/UnrealProjects/ArenaBattle/Content/InfinityBladeGrassLands/Environments/Plains/Env_Plains_Ruins/Textures/T_Plains_Ruins_Pillars_N.uasset" 417
"../../../../../../Users/Documents/UnrealProjects/ArenaBattle/Content/InfinityBladeGrassLands/Environments/Plains/Env_Plains_Ruins/Materials/M_Plains_Pillars.uasset" 418
"../../../../../../Users/Documents/UnrealProjects/ArenaBattle/Content/InfinityBladeGrassLands/Environments/Plains/Env_Plains_Ruins/Textures/T_Plains_ExtCastle_StoneWall_01_D.uasset" 419
"../../../../../../Users/Documents/UnrealProjects/ArenaBattle/Content/InfinityBladeGrassLands/Environments/Plains/Env_Plains_Ruins/Textures/T_Plains_ExtCastle_StoneWall_01_N.uasset" 420
"../../../../../../Users/Documents/UnrealProjects/ArenaBattle/Content/InfinityBladeGrassLands/Environments/Plains/Env_Plains_Ruins/Materials/M_Plains_StoneWall.uasset" 421
"../../../../../../Users/Documents/UnrealProjects/ArenaBattle/Content/Book/StaticMesh/SM_SQUARE.uasset" 422
"../../../../../../Users/Documents/UnrealProjects/ArenaBattle/Content/GameData/ABCharacterData.uasset" 423
"../../../../../../Users/Documents/UnrealProjects/ArenaBattle/Content/InfinityBladeGrassLands/Effects/FX_Textures/Env/T_Pickup_GoldBag_D.uasset" 424
"../../../../../../Users/Documents/UnrealProjects/ArenaBattle/Content/InfinityBladeGrassLands/Effects/FX_Textures/Env/T_Pickup_GoldBag_N.uasset" 425
"../../../../../../Users/Documents/UnrealProjects/ArenaBattle/Content/InfinityBladeGrassLands/Effects/FX_Materials/M_GoldBag.uasset" 426
"../../../Engine/Content/EngineResources/Black.uasset" 427
"../../../../../../Users/Documents/UnrealProjects/ArenaBattle/Content/InfinityBladeGrassLands/Effects/Masters/M_Add_Sprite_Master.uasset" 428
"../../../../../../Users/Documents/UnrealProjects/ArenaBattle/Content/InfinityBladeGrassLands/Effects/FX_Textures/Gradient/T_starFlare_03.uasset" 429
"../../../../../../Users/Documents/UnrealProjects/ArenaBattle/Content/InfinityBladeGrassLands/Effects/FX_Materials/Gradient/M_Flare_04_INST.uasset" 430
"../../../../../../Users/Documents/UnrealProjects/ArenaBattle/Content/InfinityBladeGrassLands/Effects/FX_Meshes/Env/SM_Treasure_Coin.uasset" 431
"../../../../../../Users/Documents/UnrealProjects/ArenaBattle/Content/InfinityBladeGrassLands/Effects/FX_Textures/Gradient/T_SwipeTrail.uasset" 432
"../../../../../../Users/Documents/UnrealProjects/ArenaBattle/Content/InfinityBladeGrassLands/Effects/FX_Materials/Env/M_Treasure_Gold_Add_2sided.uasset" 433
"../../../../../../Users/Documents/UnrealProjects/ArenaBattle/Content/InfinityBladeGrassLands/Effects/FX_Meshes/Env/SM_TreasureChest_Gold.uasset" 434
"../../../../../../Users/Documents/UnrealProjects/ArenaBattle/Content/InfinityBladeGrassLands/Effects/FX_Treasure/Chest/P_TreasureChest_Open_Mesh.uasset" 435
"../../../../../../Users/Documents/UnrealProjects/ArenaBattle/Content/InfinityBladeGrassLands/Environments/Breakables/Textures/T_Env_Breakables_Breakables_D.uasset" 436
"../../../../../../Users/Documents/UnrealProjects/ArenaBattle/Content/InfinityBladeGrassLands/Environments/Breakables/Textures/T_Env_Breakables_Breakables_N.uasset" 437
"../../../../../../Users/Documents/UnrealProjects/ArenaBattle/Content/InfinityBladeGrassLands/Environments/Breakables/Textures/T_Env_Breakables_Breakables_R.uasset" 438
"../../../../../../Users/Documents/UnrealProjects/ArenaBattle/Content/InfinityBladeGrassLands/Environments/Breakables/Textures/T_Env_Breakables_BreakablesSnow_M.uasset" 439
"../../../../../../Users/Documents/UnrealProjects/ArenaBattle/Content/InfinityBladeGrassLands/Environments/Breakables/Materials/M_Breakables_Barrels.uasset" 440
"../../../../../../Users/Documents/UnrealProjects/ArenaBattle/Content/InfinityBladeGrassLands/Environments/Breakables/StaticMesh/Box/SM_Env_Breakables_Box1.uasset" 441
"../../../../../../Users/Documents/UnrealProjects/ArenaBattle/Content/InfinityBladeWarriors/Character/CompleteCharacters/Textures_Materials/CharM_Barbarous/T_CharM_Barbarous_D.uasset" 442
"../../../../../../Users/Documents/UnrealProjects/ArenaBattle/Content/InfinityBladeWarriors/Character/CompleteCharacters/Textures_Materials/CharM_Barbarous/T_CharM_Barbarous_MetalMask.uasset" 443
"../../../../../../Users/Documents/UnrealProjects/ArenaBattle/Content/InfinityBladeWarriors/Character/CompleteCharacters/Textures_Materials/CharM_Barbarous/T_CharM_Barbarous_N.uasset" 444
"../../../../../../Users/Documents/UnrealProjects/ArenaBattle/Content/InfinityBladeWarriors/Character/CompleteCharacters/Textures_Materials/CharM_Barbarous/M_Char_Barbrous.uasset" 445
"../../../../../../Users/Documents/UnrealProjects/ArenaBattle/Content/InfinityBladeWarriors/Character/CompleteCharacters/SK_CharM_Barbarous.uasset" 446
"../../../../../../Users/Documents/UnrealProjects/ArenaBattle/Content/InfinityBladeWarriors/Character/CompleteCharacters/Textures_Materials/CharM_Base/T_CharM_Base_D.uasset" 447
"../../../../../../Users/Documents/UnrealProjects/ArenaBattle/Content/InfinityBladeWarriors/Character/CompleteCharacters/Textures_Materials/CharM_Base/T_CharM_Base_M.uasset" 448
"../../../../../../Users/Documents/UnrealProjects/ArenaBattle/Content/InfinityBladeWarriors/Character/CompleteCharacters/Textures_Materials/CharM_Base/T_CharM_Base_N.uasset" 449
"../../../../../../Users/Documents/UnrealProjects/ArenaBattle/Content/InfinityBladeWarriors/Character/CompleteCharacters/Textures_Materials/CharM_Base/M_CharM_Base.uasset" 450
"../../../../../../Users/Documents/UnrealProjects/ArenaBattle/Content/InfinityBladeWarriors/Character/CompleteCharacters/sk_CharM_Base.uasset" 451
"../../../../../../Users/Documents/UnrealProjects/ArenaBattle/Content/InfinityBladeWarriors/Character/CompleteCharacters/Textures_Materials/CharM_Bladed/T_CharM_Bladed_D.uasset" 452
"../../../../../../Users/Documents/UnrealProjects/ArenaBattle/Content/InfinityBladeWarriors/Character/CompleteCharacters/Textures_Materials/CharM_Bladed/T_CharM_Bladed_MetalMask1.uasset" 453
"../../../../../../Users/Documents/UnrealProjects/ArenaBattle/Content/InfinityBladeWarriors/Character/CompleteCharacters/Textures_Materials/CharM_Bladed/T_CharM_Bladed_N.uasset" 454
"../../../../../../Users/Documents/UnrealProjects/ArenaBattle/Content/InfinityBladeWarriors/Character/CompleteCharacters/Textures_Materials/CharM_Bladed/M_CharM_Bladed.uasset" 455
"../../../../../../Users/Documents/UnrealProjects/ArenaBattle/Content/InfinityBladeWarriors/Character/CompleteCharacters/SK_CharM_Bladed.uasset" 456
"../../../../../../Users/Documents/UnrealProjects/ArenaBattle/Content/InfinityBladeWarriors/Character/CompleteCharacters/Textures_Materials/CharM_Cardboard/Char_M_Cardboard_D.uasset" 457
"../../../../../../Users/Documents/UnrealProjects/ArenaBattle/Content/InfinityBladeWarriors/Character/CompleteCharacters/Textures_Materials/CharM_Cardboard/Char_M_Cardboard_N.uasset" 458
"../../../../../../Users/Documents/UnrealProjects/ArenaBattle/Content/InfinityBladeWarriors/Character/CompleteCharacters/Textures_Materials/CharM_Cardboard/Char_M_Cardboard_Skin_Mask.uasset" 459
"../../../../../../Users/Documents/UnrealProjects/ArenaBattle/Content/InfinityBladeWarriors/Character/CompleteCharacters/Textures_Materials/CharM_Cardboard/M_Char_Cardboard.uasset" 460
"../../../../../../Users/Documents/UnrealProjects/ArenaBattle/Content/InfinityBladeWarriors/Character/CompleteCharacters/SK_CharM_Cardboard.uasset" 461
"../../../../../../Users/Documents/UnrealProjects/ArenaBattle/Content/InfinityBladeWarriors/Character/CompleteCharacters/Textures_Materials/CharM_Forge/CharM_Forge_D.uasset" 462
"../../../../../../Users/Documents/UnrealProjects/ArenaBattle/Content/InfinityBladeWarriors/Character/CompleteCharacters/Textures_Materials/CharM_Forge/CharM_Forge_MetalMask.uasset" 463
"../../../../../../Users/Documents/UnrealProjects/ArenaBattle/Content/InfinityBladeWarriors/Character/CompleteCharacters/Textures_Materials/CharM_Forge/CharM_Forge_N.uasset" 464
"../../../../../../Users/Documents/UnrealProjects/ArenaBattle/Content/InfinityBladeWarriors/Character/CompleteCharacters/Textures_Materials/CharM_Forge/M_Char_Forge.uasset" 465
"../../../../../../Users/Documents/UnrealProjects/ArenaBattle/Content/InfinityBladeWarriors/Character/CompleteCharacters/SK_CharM_Forge.uasset" 466
"../../../../../../Users/Documents/UnrealProjects/ArenaBattle/Content/InfinityBladeWarriors/Character/CompleteCharacters/Textures_Materials/CharM_FrostGiant/T_Char_M_FrostGiant_D.uasset" 467
"../../../../../../Users/Documents/UnrealProjects/ArenaBattle/Content/InfinityBladeWarriors/Character/CompleteCharacters/Textures_Materials/CharM_FrostGiant/T_Char_M_FrostGiant_Masks.uasset" 468
"../../../../../../Users/Documents/UnrealProjects/ArenaBattle/Content/InfinityBladeWarriors/Character/CompleteCharacters/Textures_Materials/CharM_FrostGiant/T_Char_M_FrostGiant_MaterialMask.uasset" 469
"../../../../../../Users/Documents/UnrealProjects/ArenaBattle/Content/InfinityBladeWarriors/Character/CompleteCharacters/Textures_Materials/CharM_FrostGiant/T_Char_M_FrostGiant_N.uasset" 470
"../../../../../../Users/Documents/UnrealProjects/ArenaBattle/Content/InfinityBladeWarriors/Character/CompleteCharacters/Textures_Materials/CharM_FrostGiant/M_Char_FrostGiant.uasset" 471
"../../../../../../Users/Documents/UnrealProjects/ArenaBattle/Content/InfinityBladeWarriors/Character/CompleteCharacters/SK_CharM_FrostGiant.uasset" 472
"../../../../../../Users/Documents/UnrealProjects/ArenaBattle/Content/InfinityBladeWarriors/Character/CompleteCharacters/Textures_Materials/CharM_Golden/T_CharM_Golden_D.uasset" 473
"../../../../../../Users/Documents/UnrealProjects/ArenaBattle/Content/InfinityBladeWarriors/Character/CompleteCharacters/Textures_Materials/CharM_Golden/T_CharM_Golden_Mask.uasset" 474
"../../../../../../Users/Documents/UnrealProjects/ArenaBattle/Content/InfinityBladeWarriors/Character/CompleteCharacters/Textures_Materials/CharM_Golden/T_CharM_Golden_N.uasset" 475
"../../../../../../Users/Documents/UnrealProjects/ArenaBattle/Content/InfinityBladeWarriors/Character/CompleteCharacters/Textures_Materials/CharM_Golden/M_Char_Golden.uasset" 476
"../../../../../../Users/Documents/UnrealProjects/ArenaBattle/Content/InfinityBladeWarriors/Character/CompleteCharacters/SK_CharM_Golden.uasset" 477
"../../../../../../Users/Documents/UnrealProjects/ArenaBattle/Content/InfinityBladeWarriors/Character/CompleteCharacters/Textures_Materials/CharM_Natural/T_CharM_Natural_D.uasset" 478
"../../../../../../Users/Documents/UnrealProjects/ArenaBattle/Content/InfinityBladeWarriors/Character/CompleteCharacters/Textures_Materials/CharM_Natural/T_CharM_Natural_Mask.uasset" 479
"../../../../../../Users/Documents/UnrealProjects/ArenaBattle/Content/InfinityBladeWarriors/Character/CompleteCharacters/Textures_Materials/CharM_Natural/T_CharM_Natural_N.uasset" 480
"../../../../../../Users/Documents/UnrealProjects/ArenaBattle/Content/InfinityBladeWarriors/Character/CompleteCharacters/Textures_Materials/CharM_Natural/M_Char_Natural.uasset" 481
"../../../../../../Users/Documents/UnrealProjects/ArenaBattle/Content/InfinityBladeWarriors/Character/CompleteCharacters/SK_CharM_Natural.uasset" 482
"../../../../../../Users/Documents/UnrealProjects/ArenaBattle/Content/InfinityBladeWarriors/Character/CompleteCharacters/Textures_Materials/CharM_Pit/T_CharM_Pit_D.uasset" 483
"../../../../../../Users/Documents/UnrealProjects/ArenaBattle/Content/InfinityBladeWarriors/Character/CompleteCharacters/Textures_Materials/CharM_Pit/T_CharM_Pit_Mask.uasset" 484
"../../../../../../Users/Documents/UnrealProjects/ArenaBattle/Content/InfinityBladeWarriors/Character/CompleteCharacters/Textures_Materials/CharM_Pit/T_CharM_Pit_N.uasset" 485
"../../../../../../Users/Documents/UnrealProjects/ArenaBattle/Content/InfinityBladeWarriors/Character/CompleteCharacters/Textures_Materials/CharM_Pit/M_Char_Pit.uasset" 486
"../../../../../../Users/Documents/UnrealProjects/ArenaBattle/Content/InfinityBladeWarriors/Character/CompleteCharacters/SK_CharM_Pit.uasset" 487
"../../../../../../Users/Documents/UnrealProjects/ArenaBattle/Content/InfinityBladeWarriors/Character/CompleteCharacters/Textures_Materials/CharM_Ragged/T_CharM_Ragged_D.uasset" 488
"../../../../../../Users/Documents/UnrealProjects/ArenaBattle/Content/InfinityBladeWarriors/Character/CompleteCharacters/Textures_Materials/CharM_Ragged/T_CharM_Ragged_Elite_Mask.uasset" 489
"../../../../../../Users/Documents/UnrealProjects/ArenaBattle/Content/InfinityBladeWarriors/Character/CompleteCharacters/Textures_Materials/CharM_Ragged/T_CharM_Ragged_N.uasset" 490
"../../../../../../Users/Documents/UnrealProjects/ArenaBattle/Content/InfinityBladeWarriors/Character/CompleteCharacters/Textures_Materials/CharM_Ragged/M_Char_Ragged.uasset" 491
"../../../../../../Users/Documents/UnrealProjects/ArenaBattle/Content/InfinityBladeWarriors/Character/CompleteCharacters/SK_CharM_Ragged0.uasset" 492
"../../../../../../Users/Documents/UnrealProjects/ArenaBattle/Content/InfinityBladeWarriors/Character/CompleteCharacters/Textures_Materials/CharM_Ragged/T_CharM_Ragged_Elite.uasset" 493
"../../../../../../Users/Documents/UnrealProjects/ArenaBattle/Content/InfinityBladeWarriors/Character/CompleteCharacters/Textures_Materials/CharM_Ragged/M_Char_RaggedElite.uasset" 494
"../../../../../../Users/Documents/UnrealProjects/ArenaBattle/Content/InfinityBladeWarriors/Character/CompleteCharacters/SK_CharM_RaggedElite.uasset" 495
"../../../Engine/Content/Functions/Engine_MaterialFunctions02/ExampleContent/Textures/LowResBlurredNoise.uasset" 496
"../../../../../../Users/Documents/UnrealProjects/ArenaBattle/Content/InfinityBladeWarriors/Character/CompleteCharacters/Textures_Materials/CharM_Ram/T_CharM_Ram_B_D.uasset" 497
"../../../../../../Users/Documents/UnrealProjects/ArenaBattle/Content/InfinityBladeWarriors/Character/CompleteCharacters/Textures_Materials/CharM_Ram/T_CharM_Ram_B_Mask.uasset" 498
"../../../../../../Users/Documents/UnrealProjects/ArenaBattle/Content/InfinityBladeWarriors/Character/CompleteCharacters/Textures_Materials/CharM_Ram/T_CharM_Ram_N.uasset" 499
"../../../../../../Users/Documents/UnrealProjects/ArenaBattle/Content/InfinityBladeWarriors/Character/CompleteCharacters/Textures_Materials/CharM_Ram/M_Char_Ram.uasset" 500
"../../../../../../Users/Documents/UnrealProjects/ArenaBattle/Content/InfinityBladeWarriors/Character/CompleteCharacters/SK_CharM_Ram.uasset" 501
"../../../../../../Users/Documents/UnrealProjects/ArenaBattle/Content/InfinityBladeWarriors/Character/CompleteCharacters/Textures_Materials/CharM_Robo/T_CharM_Robo_D.uasset" 502
"../../../../../../Users/Documents/UnrealProjects/ArenaBattle/Content/InfinityBladeWarriors/Character/CompleteCharacters/Textures_Materials/CharM_Robo/T_CharM_Robo_Mask.uasset" 503
"../../../../../../Users/Documents/UnrealProjects/ArenaBattle/Content/InfinityBladeWarriors/Character/CompleteCharacters/Textures_Materials/CharM_Robo/T_CharM_Robo_N.uasset" 504
"../../../../../../Users/Documents/UnrealProjects/ArenaBattle/Content/InfinityBladeWarriors/Character/CompleteCharacters/Textures_Materials/CharM_Robo/M_Char_Robo.uasset" 505
"../../../../../../Users/Documents/UnrealProjects/ArenaBattle/Content/InfinityBladeWarriors/Character/CompleteCharacters/SK_CharM_Robo.uasset" 506
"../../../../../../Users/Documents/UnrealProjects/ArenaBattle/Content/InfinityBladeWarriors/Character/CompleteCharacters/Textures_Materials/CharM_Shell/T_CharM_Shell_D.uasset" 507
"../../../../../../Users/Documents/UnrealProjects/ArenaBattle/Content/InfinityBladeWarriors/Character/CompleteCharacters/Textures_Materials/CharM_Shell/T_CharM_Shell_Mask.uasset" 508
"../../../../../../Users/Documents/UnrealProjects/ArenaBattle/Content/InfinityBladeWarriors/Character/CompleteCharacters/Textures_Materials/CharM_Shell/T_CharM_Shell_N.uasset" 509
"../../../../../../Users/Documents/UnrealProjects/ArenaBattle/Content/InfinityBladeWarriors/Character/CompleteCharacters/Textures_Materials/CharM_Shell/M_Char_Shell.uasset" 510
"../../../../../../Users/Documents/UnrealProjects/ArenaBattle/Content/InfinityBladeWarriors/Character/CompleteCharacters/SK_CharM_Shell.uasset" 511
"../../../../../../Users/Documents/UnrealProjects/ArenaBattle/Content/InfinityBladeWarriors/Character/CompleteCharacters/Textures_Materials/CharM_solid/T_CharM_solid_D.uasset" 512
"../../../../../../Users/Documents/UnrealProjects/ArenaBattle/Content/InfinityBladeWarriors/Character/CompleteCharacters/Textures_Materials/CharM_solid/T_CharM_solid_Mask.uasset" 513
"../../../../../../Users/Documents/UnrealProjects/ArenaBattle/Content/InfinityBladeWarriors/Character/CompleteCharacters/Textures_Materials/CharM_solid/T_CharM_solid_N.uasset" 514
"../../../../../../Users/Documents/UnrealProjects/ArenaBattle/Content/InfinityBladeWarriors/Character/CompleteCharacters/Textures_Materials/CharM_solid/M_Char_Solid.uasset" 515
"../../../../../../Users/Documents/UnrealProjects/ArenaBattle/Content/InfinityBladeWarriors/Character/CompleteCharacters/SK_CharM_solid.uasset" 516
"../../../../../../Users/Documents/UnrealProjects/ArenaBattle/Content/InfinityBladeWarriors/Character/CompleteCharacters/Textures_Materials/CharM_Standard/T_CharM_Standard_D.uasset" 517
"../../../../../../Users/Documents/UnrealProjects/ArenaBattle/Content/InfinityBladeWarriors/Character/CompleteCharacters/Textures_Materials/CharM_Standard/T_CharM_Standard_Mask.uasset" 518
"../../../../../../Users/Documents/UnrealProjects/ArenaBattle/Content/InfinityBladeWarriors/Character/CompleteCharacters/Textures_Materials/CharM_Standard/T_CharM_Standard_N.uasset" 519
"../../../../../../Users/Documents/UnrealProjects/ArenaBattle/Content/InfinityBladeWarriors/Character/CompleteCharacters/Textures_Materials/CharM_Standard/M_Char_Standard.uasset" 520
"../../../../../../Users/Documents/UnrealProjects/ArenaBattle/Content/InfinityBladeWarriors/Character/CompleteCharacters/SK_CharM_Standard.uasset" 521
"../../../../../../Users/Documents/UnrealProjects/ArenaBattle/Content/InfinityBladeWarriors/Character/CompleteCharacters/Textures_Materials/CharM_Tusk/T_CharM_Tusk_D.uasset" 522
"../../../../../../Users/Documents/UnrealProjects/ArenaBattle/Content/InfinityBladeWarriors/Character/CompleteCharacters/Textures_Materials/CharM_Tusk/T_CharM_Tusk_E.uasset" 523
"../../../../../../Users/Documents/UnrealProjects/ArenaBattle/Content/InfinityBladeWarriors/Character/CompleteCharacters/Textures_Materials/CharM_Tusk/T_CharM_Tusk_Mask.uasset" 524
"../../../../../../Users/Documents/UnrealProjects/ArenaBattle/Content/InfinityBladeWarriors/Character/CompleteCharacters/Textures_Materials/CharM_Tusk/T_CharM_Tusk_N.uasset" 525
"../../../../../../Users/Documents/UnrealProjects/ArenaBattle/Content/InfinityBladeWarriors/Character/CompleteCharacters/Textures_Materials/CharM_Tusk/M_Char_Tusk.uasset" 526
"../../../../../../Users/Documents/UnrealProjects/ArenaBattle/Content/InfinityBladeWarriors/Character/CompleteCharacters/SK_CharM_Tusk.uasset" 527
"../../../../../../Users/Documents/UnrealProjects/ArenaBattle/Content/InfinityBladeWarriors/Character/CompleteCharacters/Textures_Materials/CharM_Warrior/T_CharM_Warrior_JewelMask.uasset" 528
"../../../../../../Users/Documents/UnrealProjects/ArenaBattle/Content/InfinityBladeWarriors/Character/CompleteCharacters/Textures_Materials/CharM_Warrior/T_CharM_Warrior_N.uasset" 529
"../../../../../../Users/Documents/UnrealProjects/ArenaBattle/Content/InfinityBladeWarriors/Character/CompleteCharacters/Textures_Materials/CharM_Warrior/T_CharM_WarriorB_D.uasset" 530
"../../../../../../Users/Documents/UnrealProjects/ArenaBattle/Content/InfinityBladeWarriors/Character/CompleteCharacters/Textures_Materials/CharM_Warrior/T_CharM_WarriorB_Mask.uasset" 531
"../../../../../../Users/Documents/UnrealProjects/ArenaBattle/Content/InfinityBladeWarriors/Character/CompleteCharacters/Textures_Materials/CharM_Warrior/M_Char_Warrior_B.uasset" 532
"../../../../../../Users/Documents/UnrealProjects/ArenaBattle/Content/InfinityBladeWarriors/Character/CompleteCharacters/SK_CharM_Warrior.uasset" 533
"../../../../../../Users/Documents/UnrealProjects/ArenaBattle/Content/InfinityBladeWeapons/Weapons/Blade/Swords/Blade_BlackKnight/T_Blade_BlackKnight_Sword1_D.uasset" 534
"../../../../../../Users/Documents/UnrealProjects/ArenaBattle/Content/InfinityBladeWeapons/Weapons/Blade/Swords/Blade_BlackKnight/T_Blade_BlackKnight_Sword1_M.uasset" 535
"../../../../../../Users/Documents/UnrealProjects/ArenaBattle/Content/InfinityBladeWeapons/Weapons/Blade/Swords/Blade_BlackKnight/T_Blade_BlackKnight_Sword1_N.uasset" 536
"../../../../../../Users/Documents/UnrealProjects/ArenaBattle/Content/InfinityBladeWeapons/Weapons/Blade/Swords/Blade_BlackKnight/T_Blade_BlackKnight_Sword2_D.uasset" 537
"../../../../../../Users/Documents/UnrealProjects/ArenaBattle/Content/InfinityBladeWeapons/Weapons/Blade/Swords/Blade_BlackKnight/T_Blade_BlackKnight_Sword2_M.uasset" 538
"../../../../../../Users/Documents/UnrealProjects/ArenaBattle/Content/InfinityBladeWeapons/Weapons/Blade/Swords/Blade_BlackKnight/T_Blade_BlackKnight_Sword2_N.uasset" 539
"../../../../../../Users/Documents/UnrealProjects/ArenaBattle/Content/InfinityBladeWeapons/Weapons/Blade/Swords/Blade_BlackKnight/M_Blade_BlackKnight.uasset" 540
"../../../../../../Users/Documents/UnrealProjects/ArenaBattle/Content/InfinityBladeWeapons/Weapons/Blade/Swords/Blade_BlackKnight/SK_Blade_BlackKnight_Skeleton.uasset" 541
"../../../../../../Users/Documents/UnrealProjects/ArenaBattle/Content/InfinityBladeWeapons/Weapons/Blade/Swords/Blade_BlackKnight/SK_Blade_BlackKnight.uasset" 542
"../../../../../../Users/Documents/UnrealProjects/ArenaBattle/Content/Mannequin/Character/Mesh/UE4_Mannequin_Skeleton.uasset" 543
"../../../../../../Users/Documents/UnrealProjects/ArenaBattle/Content/Mannequin/Animations/ThirdPerson_Jump.uasset" 544
"../../../../../../Users/Documents/UnrealProjects/ArenaBattle/Content/Mannequin/Animations/ThirdPersonJump_Loop.uasset" 545
"../../../../../../Users/Documents/UnrealProjects/ArenaBattle/Content/Mannequin/Animations/ThirdPersonJump_Start.uasset" 546
"../../../../../../Users/Documents/UnrealProjects/ArenaBattle/Content/Mannequin/Animations/ThirdPersonIdle.uasset" 547
"../../../../../../Users/Documents/UnrealProjects/ArenaBattle/Content/Mannequin/Animations/ThirdPersonRun.uasset" 548
"../../../../../../Users/Documents/UnrealProjects/ArenaBattle/Content/Mannequin/Animations/ThirdPersonWalk.uasset" 549
"../../../../../../Users/Documents/UnrealProjects/ArenaBattle/Content/Mannequin/Animations/ThirdPerson_IdleRun_2D.uasset" 550
"../../../../../../Users/Documents/UnrealProjects/ArenaBattle/Content/Mannequin/Animations/ThirdPerson_AnimBP.uasset" 551
"../../../Engine/Content/Functions/Engine_MaterialFunctions02/Utility/BlendAngleCorrectedNormals.uasset" 552
"../../../Engine/Content/Functions/MaterialLayerFunctions/MatLayerBlend_NormalBlend.uasset" 553
"../../../Engine/Content/Functions/MaterialLayerFunctions/MatLayerBlend_Simple.uasset" 554
"../../../../../../Users/Documents/UnrealProjects/ArenaBattle/Content/Mannequin/Character/Materials/MaterialLayers/T_ML_Rubber_Blue_01_D.uasset" 555
"../../../../../../Users/Documents/UnrealProjects/ArenaBattle/Content/Mannequin/Character/Materials/MaterialLayers/T_ML_Rubber_Blue_01_N.uasset" 556
"../../../../../../Users/Documents/UnrealProjects/ArenaBattle/Content/Mannequin/Character/Materials/MaterialLayers/ML_GlossyBlack_Latex_UE4.uasset" 557
"../../../../../../Users/Documents/UnrealProjects/ArenaBattle/Content/Mannequin/Character/Materials/MaterialLayers/ML_Plastic_Shiny_Beige.uasset" 558
"../../../../../../Users/Documents/UnrealProjects/ArenaBattle/Content/Mannequin/Character/Textures/UE4_LOGO_CARD.uasset" 559
"../../../../../../Users/Documents/UnrealProjects/ArenaBattle/Content/Mannequin/Character/Materials/MaterialLayers/ML_Plastic_Shiny_Beige_LOGO.uasset" 560
"../../../../../../Users/Documents/UnrealProjects/ArenaBattle/Content/Mannequin/Character/Materials/MaterialLayers/T_ML_Aluminum01.uasset" 561
"../../../../../../Users/Documents/UnrealProjects/ArenaBattle/Content/Mannequin/Character/Materials/MaterialLayers/T_ML_Aluminum01_N.uasset" 562
"../../../../../../Users/Documents/UnrealProjects/ArenaBattle/Content/Mannequin/Character/Materials/MaterialLayers/ML_SoftMetal_UE4.uasset" 563
"../../../../../../Users/Documents/UnrealProjects/ArenaBattle/Content/Mannequin/Character/Textures/UE4_Mannequin__normals.uasset" 564
"../../../../../../Users/Documents/UnrealProjects/ArenaBattle/Content/Mannequin/Character/Textures/UE4_Mannequin_MAT_MASKA.uasset" 565
"../../../../../../Users/Documents/UnrealProjects/ArenaBattle/Content/Mannequin/Character/Materials/M_UE4Man_Body.uasset" 566
"../../../../../../Users/Documents/UnrealProjects/ArenaBattle/Content/Mannequin/Character/Textures/UE4Man_Logo_N.uasset" 567
"../../../../../../Users/Documents/UnrealProjects/ArenaBattle/Content/Mannequin/Character/Materials/M_UE4Man_ChestLogo.uasset" 568
"../../../../../../Users/Documents/UnrealProjects/ArenaBattle/Content/Mannequin/Character/Mesh/SK_Mannequin_PhysicsAsset.uasset" 569
"../../../../../../Users/Documents/UnrealProjects/ArenaBattle/Content/Mannequin/Character/Mesh/SK_Mannequin.uasset" 570
"../../../../../../Users/Documents/UnrealProjects/ArenaBattle/Content/ThirdPersonBP/Blueprints/ThirdPersonCharacter.uasset" 571
"../../../../../../Users/Documents/UnrealProjects/ArenaBattle/Content/ThirdPersonBP/Blueprints/ThirdPersonGameMode.uasset" 572
"../../../../../../Users/Documents/UnrealProjects/ArenaBattle/Content/UI/UI_HPBar.uasset" 573
"../../../../../../Users/Documents/UnrealProjects/ArenaBattle/Content/UI/UI_HUD.uasset" 574
"../../../../../../Users/Documents/UnrealProjects/ArenaBattle/Content/UI/UI_Menu.uasset" 575
"../../../../../../Users/Documents/UnrealProjects/ArenaBattle/Content/UI/UI_Result.uasset" 576
"../../Plugins/2D/Paper2D/Content/PlaceholderTextures/DummySpriteTexture.uasset" 577
"../../Plugins/2D/Paper2D/Content/DummySprite.uasset" 578
"../../Plugins/2D/Paper2D/Content/DefaultPaperTerrainMaterial.uasset" 579
"../../Plugins/2D/Paper2D/Content/DefaultSpriteMaterial.uasset" 580
"../../Plugins/2D/Paper2D/Content/MaskedUnlitSpriteMaterial.uasset" 581
"../../Plugins/2D/Paper2D/Content/OpaqueUnlitSpriteMaterial.uasset" 582
"../../Plugins/Media/MediaCompositing/Content/DefaultMediaPlaneTexture.uasset" 583
"../../Plugins/Media/MediaCompositing/Content/DefaultMediaPlaneMaterial.uasset" 584
"../../../Engine/Content/Functions/Engine_MaterialFunctions02/Utility/MakeFloat4.uasset" 585
"../../Plugins/Runtime/AppleARKit/Content/ARKitCameraMaterial.uasset" 586
"../../Plugins/Runtime/Oculus/OculusVR/Content/Textures/GearVRController_AO.uasset" 587
"../../Plugins/Runtime/Oculus/OculusVR/Content/Textures/GearVRController_Color.uasset" 588
"../../Plugins/Runtime/Oculus/OculusVR/Content/Textures/GearVRController_Normal.uasset" 589
"../../Plugins/Runtime/Oculus/OculusVR/Content/Materials/GearVRControllerMaterial.uasset" 590
"../../Plugins/Runtime/Oculus/OculusVR/Content/Meshes/GearVrController.uasset" 591
"../../../Engine/Content/Maps/Entry.umap" 592
"../../../../../../Users/Documents/UnrealProjects/ArenaBattle/Content/UI/UI_Title.uasset" 593
"../../../../../../Users/Documents/UnrealProjects/ArenaBattle/Content/BluePrints/BP_TitleUIPlayerController.uasset" 594
"../../../../../../Users/Documents/UnrealProjects/ArenaBattle/Content/BluePrints/BP_TitleGameMode.uasset" 595
"../../../../../../Users/Documents/UnrealProjects/ArenaBattle/Content/Book/Maps/Title.umap" 596
